<html>
<head>
<title>TestNG:  Test</title>
<link href="../testng.css" rel="stylesheet" type="text/css" />
<link href="../my-testng.css" rel="stylesheet" type="text/css" />

<style type="text/css">
.log { display: none;} 
.stack-trace { display: none;} 
</style>
<script type="text/javascript">
<!--
function flip(e) {
  current = e.style.display;
  if (current == 'block') {
    e.style.display = 'none';
    return 0;
  }
  else {
    e.style.display = 'block';
    return 1;
  }
}

function toggleBox(szDivId, elem, msg1, msg2)
{
  var res = -1;  if (document.getElementById) {
    res = flip(document.getElementById(szDivId));
  }
  else if (document.all) {
    // this is the way old msie versions work
    res = flip(document.all[szDivId]);
  }
  if(elem) {
    if(res == 0) elem.innerHTML = msg1; else elem.innerHTML = msg2;
  }

}

function toggleAllBoxes() {
  if (document.getElementsByTagName) {
    d = document.getElementsByTagName('div');
    for (i = 0; i < d.length; i++) {
      if (d[i].className == 'log') {
        flip(d[i]);
      }
    }
  }
}

// -->
</script>

</head>
<body>
<h2 align='center'>Test</h2><table border='1' align="center">
<tr>
<td>Tests passed/Failed/Skipped:</td><td>6/0/0</td>
</tr><tr>
<td>Started on:</td><td>Sat May 13 22:54:19 CST 2017</td>
</tr>
<tr><td>Total time:</td><td>64 seconds (64135 ms)</td>
</tr><tr>
<td>Included groups:</td><td></td>
</tr><tr>
<td>Excluded groups:</td><td></td>
</tr>
</table><p/>
<small><i>(Hover the method name to see the test class name)</i></small><p/>
<table width='100%' border='1' class='invocation-failed'>
<tr><td colspan='4' align='center'><b>FAILED CONFIGURATIONS</b></td></tr>
<tr><td><b>Test method</b></td>
<td width="30%"><b>Exception</b></td>
<td width="10%"><b>Time (seconds)</b></td>
<td><b>Instance</b></td>
</tr>
<tr>
<td title='com.nono.live.UiTest.tearDown()'><b>tearDown</b><br>Test class: com.nono.live.UiTest</td>
<td><div><pre>org.openqa.selenium.NoSuchSessionException: A session is either terminated or not started (WARNING: The server did not provide any stacktrace information)
Command duration or timeout: 24 milliseconds
Build info: version: &apos;unknown&apos;, revision: &apos;c7b525d&apos;, time: &apos;2016-09-01 14:57:44 -0700&apos;
System info: host: &apos;LAPTOP-OSA1RE24&apos;, ip: &apos;192.168.0.29&apos;, os.name: &apos;Windows 10&apos;, os.arch: &apos;amd64&apos;, os.version: &apos;10.0&apos;, java.version: &apos;1.8.0_73&apos;
Driver info: io.appium.java_client.android.AndroidDriver
Capabilities [{appPackage=com.nono.android, networkConnectionEnabled=true, warnings={}, databaseEnabled=false, deviceName=4517d47e, platform=LINUX, deviceUDID=4517d47e, appActivity=.modules.splash.SplashActivity, desired={appPackage=com.nono.android, appActivity=.modules.splash.SplashActivity, newCommandTimeout=120, platformVersion=5.0.2, platformName=Android, deviceName=192.168.0.78:5555}, newCommandTimeout=120, platformVersion=5.0.2, webStorageEnabled=false, locationContextEnabled=false, takesScreenshot=true, javascriptEnabled=true, platformName=Android}]
Session ID: 6ef70965-18e9-43a2-b953-2f82b1dd8329
	at org.openqa.selenium.remote.ErrorHandler.createThrowable(ErrorHandler.java:206)
	at org.openqa.selenium.remote.ErrorHandler.throwIfResponseFailed(ErrorHandler.java:158)
	at org.openqa.selenium.remote.RemoteWebDriver.execute(RemoteWebDriver.java:631)
	at io.appium.java_client.DefaultGenericMobileDriver.execute(DefaultGenericMobileDriver.java:42)
	at io.appium.java_client.AppiumDriver.execute(AppiumDriver.java:206)
	at org.openqa.selenium.remote.RemoteWebDriver.quit(RemoteWebDriver.java:493)
	at com.nono.live.UiTest.tearDown(UiTest.java:45)
... Removed 27 stack frames</pre></div><a href='#' onClick='toggleBox("stack-trace2130192211", this, "Click to show all stack frames", "Click to hide stack frames")'>Click to show all stack frames</a>
<div class='stack-trace' id='stack-trace2130192211'><pre>org.openqa.selenium.NoSuchSessionException: A session is either terminated or not started (WARNING: The server did not provide any stacktrace information)
Command duration or timeout: 24 milliseconds
Build info: version: &apos;unknown&apos;, revision: &apos;c7b525d&apos;, time: &apos;2016-09-01 14:57:44 -0700&apos;
System info: host: &apos;LAPTOP-OSA1RE24&apos;, ip: &apos;192.168.0.29&apos;, os.name: &apos;Windows 10&apos;, os.arch: &apos;amd64&apos;, os.version: &apos;10.0&apos;, java.version: &apos;1.8.0_73&apos;
Driver info: io.appium.java_client.android.AndroidDriver
Capabilities [{appPackage=com.nono.android, networkConnectionEnabled=true, warnings={}, databaseEnabled=false, deviceName=4517d47e, platform=LINUX, deviceUDID=4517d47e, appActivity=.modules.splash.SplashActivity, desired={appPackage=com.nono.android, appActivity=.modules.splash.SplashActivity, newCommandTimeout=120, platformVersion=5.0.2, platformName=Android, deviceName=192.168.0.78:5555}, newCommandTimeout=120, platformVersion=5.0.2, webStorageEnabled=false, locationContextEnabled=false, takesScreenshot=true, javascriptEnabled=true, platformName=Android}]
Session ID: 6ef70965-18e9-43a2-b953-2f82b1dd8329
	at sun.reflect.NativeConstructorAccessorImpl.newInstance0(Native Method)
	at sun.reflect.NativeConstructorAccessorImpl.newInstance(NativeConstructorAccessorImpl.java:62)
	at sun.reflect.DelegatingConstructorAccessorImpl.newInstance(DelegatingConstructorAccessorImpl.java:45)
	at java.lang.reflect.Constructor.newInstance(Constructor.java:422)
	at org.openqa.selenium.remote.ErrorHandler.createThrowable(ErrorHandler.java:206)
	at org.openqa.selenium.remote.ErrorHandler.throwIfResponseFailed(ErrorHandler.java:158)
	at org.openqa.selenium.remote.RemoteWebDriver.execute(RemoteWebDriver.java:631)
	at io.appium.java_client.DefaultGenericMobileDriver.execute(DefaultGenericMobileDriver.java:42)
	at io.appium.java_client.AppiumDriver.execute(AppiumDriver.java:206)
	at org.openqa.selenium.remote.RemoteWebDriver.quit(RemoteWebDriver.java:493)
	at com.nono.live.UiTest.tearDown(UiTest.java:45)
	at sun.reflect.NativeMethodAccessorImpl.invoke0(Native Method)
	at sun.reflect.NativeMethodAccessorImpl.invoke(NativeMethodAccessorImpl.java:62)
	at sun.reflect.DelegatingMethodAccessorImpl.invoke(DelegatingMethodAccessorImpl.java:43)
	at java.lang.reflect.Method.invoke(Method.java:497)
	at org.testng.internal.MethodInvocationHelper.invokeMethod(MethodInvocationHelper.java:104)
	at org.testng.internal.Invoker.invokeConfigurationMethod(Invoker.java:515)
	at org.testng.internal.Invoker.invokeConfigurations(Invoker.java:217)
	at org.testng.internal.Invoker.invokeConfigurations(Invoker.java:144)
	at org.testng.TestRunner.afterRun(TestRunner.java:983)
	at org.testng.TestRunner.run(TestRunner.java:614)
	at org.testng.SuiteRunner.runTest(SuiteRunner.java:387)
	at org.testng.SuiteRunner.runSequentially(SuiteRunner.java:382)
	at org.testng.SuiteRunner.privateRun(SuiteRunner.java:340)
	at org.testng.SuiteRunner.run(SuiteRunner.java:289)
	at org.testng.SuiteRunnerWorker.runSuite(SuiteRunnerWorker.java:52)
	at org.testng.SuiteRunnerWorker.run(SuiteRunnerWorker.java:86)
	at org.testng.TestNG.runSuitesSequentially(TestNG.java:1293)
	at org.testng.TestNG.runSuitesLocally(TestNG.java:1218)
	at org.testng.TestNG.runSuites(TestNG.java:1133)
	at org.testng.TestNG.run(TestNG.java:1104)
	at org.testng.remote.AbstractRemoteTestNG.run(AbstractRemoteTestNG.java:132)
	at org.testng.remote.RemoteTestNG.initAndRun(RemoteTestNG.java:236)
	at org.testng.remote.RemoteTestNG.main(RemoteTestNG.java:81)
</pre></div></td>
<td>0</td>
<td>null</td></tr>
</table><p>
<table width='100%' border='1' class='invocation-passed'>
<tr><td colspan='4' align='center'><b>PASSED TESTS</b></td></tr>
<tr><td><b>Test method</b></td>
<td width="30%"><b>Exception</b></td>
<td width="10%"><b>Time (seconds)</b></td>
<td><b>Instance</b></td>
</tr>
<tr>
<td title='com.nono.live.UiTest.goLive()'><b>goLive</b><br>Test class: com.nono.live.UiTest<br/>
<a href="#Output-1961501712" onClick='toggleBox("Output-1961501712", this, "Show output", "Hide output");'>Show output</a>

<a href="#Output-1961501712" onClick="toggleAllBoxes();">Show all outputs</a>
<div class='log' id="Output-1961501712">
start test golive ...<br/>
Test go live failure<br/>
</div>
</td>
<td></td>
<td>0</td>
<td>com.nono.live.UiTest@1a8a8f7c</td></tr>
<tr>
<td title='com.nono.live.UiTest.homepageExplore()'><b>homepageExplore</b><br>Test class: com.nono.live.UiTest<br>Parameters: mobile_1<br/>
<a href="#Output-389993238" onClick='toggleBox("Output-389993238", this, "Show output", "Hide output");'>Show output</a>

<a href="#Output-389993238" onClick="toggleAllBoxes();">Show all outputs</a>
<div class='log' id="Output-389993238">
Test Explore page failure!<br/>
</div>
</td>
<td></td>
<td>0</td>
<td>com.nono.live.UiTest@1a8a8f7c</td></tr>
<tr>
<td title='com.nono.live.UiTest.homepageFollow()'><b>homepageFollow</b><br>Test class: com.nono.live.UiTest<br>Parameters: mobile_1<br/>
<a href="#Output-634297796" onClick='toggleBox("Output-634297796", this, "Show output", "Hide output");'>Show output</a>

<a href="#Output-634297796" onClick="toggleAllBoxes();">Show all outputs</a>
<div class='log' id="Output-634297796">
start test Follow page  ...<br/>
test Follow page failure<br/>
</div>
</td>
<td></td>
<td>0</td>
<td>com.nono.live.UiTest@1a8a8f7c</td></tr>
<tr>
<td title='com.nono.live.UiTest.homepageHot()'><b>homepageHot</b><br>Test class: com.nono.live.UiTest<br>Parameters: mobile_1<br/>
<a href="#Output-1702143276" onClick='toggleBox("Output-1702143276", this, "Show output", "Hide output");'>Show output</a>

<a href="#Output-1702143276" onClick="toggleAllBoxes();">Show all outputs</a>
<div class='log' id="Output-1702143276">
today had checked!<br/>
chat failed<br/>
textfly failed<br/>
HD change failed<br/>
homepageHot test failed<br/>
</div>
</td>
<td></td>
<td>30</td>
<td>com.nono.live.UiTest@1a8a8f7c</td></tr>
<tr>
<td title='com.nono.live.UiTest.me()'><b>me</b><br>Test class: com.nono.live.UiTest<br>Parameters: mobile_1<br/>
<a href="#Output-402009651" onClick='toggleBox("Output-402009651", this, "Show output", "Hide output");'>Show output</a>

<a href="#Output-402009651" onClick="toggleAllBoxes();">Show all outputs</a>
<div class='log' id="Output-402009651">
Test change nickname failure<br/>
</div>
</td>
<td></td>
<td>0</td>
<td>com.nono.live.UiTest@1a8a8f7c</td></tr>
<tr>
<td title='com.nono.live.UiTest.phoneInfomation()'><b>phoneInfomation</b><br>Test class: com.nono.live.UiTest<br>Parameters: 192.168.0.78:5555<br/>
<a href="#Output-1876682596" onClick='toggleBox("Output-1876682596", this, "Show output", "Hide output");'>Show output</a>

<a href="#Output-1876682596" onClick="toggleAllBoxes();">Show all outputs</a>
<div class='log' id="Output-1876682596">
Phone Information:<br/>
Model:Lenovo Lenovo A6000<br/>
Resolution:720x1280<br/>
DPI:320<br/>
</div>
</td>
<td></td>
<td>20</td>
<td>com.nono.live.UiTest@1a8a8f7c</td></tr>
</table><p>
</body>
</html>