<?xml version="1.0" encoding="UTF-8"?>
<!-- Generated by org.testng.reporters.JUnitReportReporter -->
<testsuite name="com.nono.live.UiTest" tests="7" time="50.729" ignored="1" failures="0" timestamp="13 五月 2017 14:55:24 GMT" skipped="0" hostname="LAPTOP-OSA1RE24" errors="1">
  <testcase name="me" time="0.036" classname="com.nono.live.UiTest"/>
  <testcase name="homepageHot" time="30.561" classname="com.nono.live.UiTest"/>
  <testcase name="homepageExplore" time="0.035" classname="com.nono.live.UiTest"/>
  <testcase name="homepageFollow" time="0.032" classname="com.nono.live.UiTest"/>
  <testcase name="goLive" time="0.039" classname="com.nono.live.UiTest"/>
  <testcase name="tearDown" time="0.000" classname="com.nono.live.UiTest">
    <error type="org.openqa.selenium.NoSuchSessionException" message="A session is either terminated or not started (WARNING: The server did not provide any stacktrace information)
Command duration or timeout: 24 milliseconds
Build info: version: &#039;unknown&#039;, revision: &#039;c7b525d&#039;, time: &#039;2016-09-01 14:57:44 -0700&#039;
System info: host: &#039;LAPTOP-OSA1RE24&#039;, ip: &#039;192.168.0.29&#039;, os.name: &#039;Windows 10&#039;, os.arch: &#039;amd64&#039;, os.version: &#039;10.0&#039;, java.version: &#039;1.8.0_73&#039;
Driver info: io.appium.java_client.android.AndroidDriver
Capabilities [{appPackage=com.nono.android, networkConnectionEnabled=true, warnings={}, databaseEnabled=false, deviceName=4517d47e, platform=LINUX, deviceUDID=4517d47e, appActivity=.modules.splash.SplashActivity, desired={appPackage=com.nono.android, appActivity=.modules.splash.SplashActivity, newCommandTimeout=120, platformVersion=5.0.2, platformName=Android, deviceName=192.168.0.78:5555}, newCommandTimeout=120, platformVersion=5.0.2, webStorageEnabled=false, locationContextEnabled=false, takesScreenshot=true, javascriptEnabled=true, platformName=Android}]
Session ID: 6ef70965-18e9-43a2-b953-2f82b1dd8329">
      <![CDATA[org.openqa.selenium.NoSuchSessionException: A session is either terminated or not started (WARNING: The server did not provide any stacktrace information)
Command duration or timeout: 24 milliseconds
Build info: version: 'unknown', revision: 'c7b525d', time: '2016-09-01 14:57:44 -0700'
System info: host: 'LAPTOP-OSA1RE24', ip: '192.168.0.29', os.name: 'Windows 10', os.arch: 'amd64', os.version: '10.0', java.version: '1.8.0_73'
Driver info: io.appium.java_client.android.AndroidDriver
Capabilities [{appPackage=com.nono.android, networkConnectionEnabled=true, warnings={}, databaseEnabled=false, deviceName=4517d47e, platform=LINUX, deviceUDID=4517d47e, appActivity=.modules.splash.SplashActivity, desired={appPackage=com.nono.android, appActivity=.modules.splash.SplashActivity, newCommandTimeout=120, platformVersion=5.0.2, platformName=Android, deviceName=192.168.0.78:5555}, newCommandTimeout=120, platformVersion=5.0.2, webStorageEnabled=false, locationContextEnabled=false, takesScreenshot=true, javascriptEnabled=true, platformName=Android}]
Session ID: 6ef70965-18e9-43a2-b953-2f82b1dd8329
	at sun.reflect.NativeConstructorAccessorImpl.newInstance0(Native Method)
	at sun.reflect.NativeConstructorAccessorImpl.newInstance(NativeConstructorAccessorImpl.java:62)
	at sun.reflect.DelegatingConstructorAccessorImpl.newInstance(DelegatingConstructorAccessorImpl.java:45)
	at java.lang.reflect.Constructor.newInstance(Constructor.java:422)
	at org.openqa.selenium.remote.ErrorHandler.createThrowable(ErrorHandler.java:206)
	at org.openqa.selenium.remote.ErrorHandler.throwIfResponseFailed(ErrorHandler.java:158)
	at org.openqa.selenium.remote.RemoteWebDriver.execute(RemoteWebDriver.java:631)
	at io.appium.java_client.DefaultGenericMobileDriver.execute(DefaultGenericMobileDriver.java:42)
	at io.appium.java_client.AppiumDriver.execute(AppiumDriver.java:206)
	at org.openqa.selenium.remote.RemoteWebDriver.quit(RemoteWebDriver.java:493)
	at com.nono.live.UiTest.tearDown(UiTest.java:45)
	at sun.reflect.NativeMethodAccessorImpl.invoke0(Native Method)
	at sun.reflect.NativeMethodAccessorImpl.invoke(NativeMethodAccessorImpl.java:62)
	at sun.reflect.DelegatingMethodAccessorImpl.invoke(DelegatingMethodAccessorImpl.java:43)
	at java.lang.reflect.Method.invoke(Method.java:497)
	at org.testng.internal.MethodInvocationHelper.invokeMethod(MethodInvocationHelper.java:104)
	at org.testng.internal.Invoker.invokeConfigurationMethod(Invoker.java:515)
	at org.testng.internal.Invoker.invokeConfigurations(Invoker.java:217)
	at org.testng.internal.Invoker.invokeConfigurations(Invoker.java:144)
	at org.testng.TestRunner.afterRun(TestRunner.java:983)
	at org.testng.TestRunner.run(TestRunner.java:614)
	at org.testng.SuiteRunner.runTest(SuiteRunner.java:387)
	at org.testng.SuiteRunner.runSequentially(SuiteRunner.java:382)
	at org.testng.SuiteRunner.privateRun(SuiteRunner.java:340)
	at org.testng.SuiteRunner.run(SuiteRunner.java:289)
	at org.testng.SuiteRunnerWorker.runSuite(SuiteRunnerWorker.java:52)
	at org.testng.SuiteRunnerWorker.run(SuiteRunnerWorker.java:86)
	at org.testng.TestNG.runSuitesSequentially(TestNG.java:1293)
	at org.testng.TestNG.runSuitesLocally(TestNG.java:1218)
	at org.testng.TestNG.runSuites(TestNG.java:1133)
	at org.testng.TestNG.run(TestNG.java:1104)
	at org.testng.remote.AbstractRemoteTestNG.run(AbstractRemoteTestNG.java:132)
	at org.testng.remote.RemoteTestNG.initAndRun(RemoteTestNG.java:236)
	at org.testng.remote.RemoteTestNG.main(RemoteTestNG.java:81)
]]>
    </error>
  </testcase> <!-- tearDown -->
  <testcase name="phoneInfomation" time="20.026" classname="com.nono.live.UiTest"/>
  <testcase name="phoneNumberLogin" classname="com.nono.live.UiTest">
    <skipped/>
  </testcase> <!-- phoneNumberLogin -->
</testsuite> <!-- com.nono.live.UiTest -->
